<?xml version="1.0" encoding="UTF-8"?>
<testng-results ignored="0" total="1" passed="1" failed="0" skipped="0">
  <reporter-output>
  </reporter-output>
  <suite started-at="2025-02-20T22:04:23 IST" name="Default suite" finished-at="2025-02-20T22:04:40 IST" duration-ms="17551">
    <groups>
    </groups>
    <test started-at="2025-02-20T22:04:23 IST" name="Default test" finished-at="2025-02-20T22:04:40 IST" duration-ms="17551">
      <class name="com.myproject.myproject.AppTest">
        <test-method signature="demoTest()[pri:0, instance:com.myproject.myproject.AppTest@7d8995e]" started-at="2025-02-20T22:04:23 IST" name="demoTest" finished-at="2025-02-20T22:04:40 IST" duration-ms="17483" status="PASS">
          <reporter-output>
          </reporter-output>
        </test-method> <!-- demoTest -->
      </class> <!-- com.myproject.myproject.AppTest -->
    </test> <!-- Default test -->
  </suite> <!-- Default suite -->
</testng-results>
