<?xml version="1.0" encoding="UTF-8"?>
<testng-results ignored="0" total="1" passed="1" failed="0" skipped="0">
  <reporter-output>
  </reporter-output>
  <suite started-at="2025-03-07T09:48:21 IST" name="Default suite" finished-at="2025-03-07T09:48:26 IST" duration-ms="5040">
    <groups>
    </groups>
    <test started-at="2025-03-07T09:48:21 IST" name="Default test" finished-at="2025-03-07T09:48:26 IST" duration-ms="5040">
      <class name="com.myproject.myproject.ApiTest">
        <test-method signature="testLoginSuccess()[pri:0, instance:com.myproject.myproject.ApiTest@48f2bd5b]" started-at="2025-03-07T09:48:21 IST" name="testLoginSuccess" finished-at="2025-03-07T09:48:26 IST" duration-ms="4980" status="PASS">
          <reporter-output>
          </reporter-output>
        </test-method> <!-- testLoginSuccess -->
      </class> <!-- com.myproject.myproject.ApiTest -->
    </test> <!-- Default test -->
  </suite> <!-- Default suite -->
</testng-results>
